<?xml version="1.0" encoding="UTF-8"?>
<coverage generated="1727788109936" clover="3.2.0">
  <project timestamp="1727788109936" name="All files">
    <metrics statements="91" coveredstatements="85" conditionals="14" coveredconditionals="12" methods="39" coveredmethods="33" elements="144" coveredelements="130" complexity="0" loc="91" ncloc="91" packages="2" files="16" classes="16"/>
    <package name="src.components">
      <metrics statements="64" coveredstatements="62" conditionals="14" coveredconditionals="12" methods="29" coveredmethods="27"/>
      <file name="Body.js" path="E:\React\src\components\Body.js">
        <metrics statements="23" coveredstatements="22" conditionals="4" coveredconditionals="3" methods="10" coveredmethods="9"/>
        <line num="8" count="1" type="stmt"/>
        <line num="10" count="11" type="stmt"/>
        <line num="12" count="11" type="stmt"/>
        <line num="14" count="11" type="stmt"/>
        <line num="16" count="11" type="stmt"/>
        <line num="17" count="4" type="stmt"/>
        <line num="22" count="11" type="stmt"/>
        <line num="23" count="4" type="stmt"/>
        <line num="24" count="4" type="stmt"/>
        <line num="25" count="4" type="stmt"/>
        <line num="26" count="4" type="stmt"/>
        <line num="29" count="11" type="stmt"/>
        <line num="31" count="11" type="cond" truecount="1" falsecount="1"/>
        <line num="33" count="11" type="stmt"/>
        <line num="35" count="11" type="cond" truecount="2" falsecount="0"/>
        <line num="40" count="1" type="stmt"/>
        <line num="43" count="20" type="stmt"/>
        <line num="44" count="1" type="stmt"/>
        <line num="48" count="1" type="stmt"/>
        <line num="49" count="20" type="stmt"/>
        <line num="51" count="1" type="stmt"/>
        <line num="55" count="0" type="stmt"/>
        <line num="61" count="122" type="stmt"/>
      </file>
      <file name="CartInfo.js" path="E:\React\src\components\CartInfo.js">
        <metrics statements="6" coveredstatements="5" conditionals="2" coveredconditionals="2" methods="3" coveredmethods="2"/>
        <line num="6" count="1" type="stmt"/>
        <line num="8" count="6" type="stmt"/>
        <line num="10" count="3" type="stmt"/>
        <line num="11" count="3" type="stmt"/>
        <line num="12" count="0" type="stmt"/>
        <line num="15" count="3" type="stmt"/>
      </file>
      <file name="CategoryList.js" path="E:\React\src\components\CategoryList.js">
        <metrics statements="7" coveredstatements="7" conditionals="2" coveredconditionals="1" methods="4" coveredmethods="4"/>
        <line num="5" count="1" type="stmt"/>
        <line num="7" count="4" type="stmt"/>
        <line num="9" count="4" type="stmt"/>
        <line num="10" count="2" type="stmt"/>
        <line num="13" count="4" type="stmt"/>
        <line num="17" count="18" type="stmt"/>
        <line num="27" count="2" type="stmt"/>
      </file>
      <file name="Contact.js" path="E:\React\src\components\Contact.js">
        <metrics statements="2" coveredstatements="2" conditionals="0" coveredconditionals="0" methods="1" coveredmethods="1"/>
        <line num="1" count="1" type="stmt"/>
        <line num="2" count="3" type="stmt"/>
      </file>
      <file name="Header.js" path="E:\React\src\components\Header.js">
        <metrics statements="4" coveredstatements="4" conditionals="0" coveredconditionals="0" methods="2" coveredmethods="2"/>
        <line num="7" count="2" type="stmt"/>
        <line num="9" count="4" type="stmt"/>
        <line num="11" count="8" type="stmt"/>
        <line num="14" count="4" type="stmt"/>
      </file>
      <file name="RestaurantCard.js" path="E:\React\src\components\RestaurantCard.js">
        <metrics statements="4" coveredstatements="4" conditionals="0" coveredconditionals="0" methods="1" coveredmethods="1"/>
        <line num="3" count="2" type="stmt"/>
        <line num="5" count="123" type="stmt"/>
        <line num="8" count="123" type="stmt"/>
        <line num="10" count="123" type="stmt"/>
      </file>
      <file name="RestaurantCategory.js" path="E:\React\src\components\RestaurantCategory.js">
        <metrics statements="4" coveredstatements="4" conditionals="2" coveredconditionals="2" methods="2" coveredmethods="2"/>
        <line num="3" count="1" type="stmt"/>
        <line num="5" count="28" type="stmt"/>
        <line num="6" count="3" type="stmt"/>
        <line num="9" count="28" type="stmt"/>
      </file>
      <file name="RestaurantMenu.js" path="E:\React\src\components\RestaurantMenu.js">
        <metrics statements="10" coveredstatements="10" conditionals="4" coveredconditionals="4" methods="4" coveredmethods="4"/>
        <line num="7" count="1" type="stmt"/>
        <line num="9" count="4" type="stmt"/>
        <line num="11" count="4" type="stmt"/>
        <line num="13" count="4" type="stmt"/>
        <line num="15" count="4" type="cond" truecount="2" falsecount="0"/>
        <line num="17" count="3" type="stmt"/>
        <line num="18" count="54" type="stmt"/>
        <line num="20" count="3" type="stmt"/>
        <line num="26" count="42" type="stmt"/>
        <line num="30" count="3" type="stmt"/>
      </file>
      <file name="Shimmer.js" path="E:\React\src\components\Shimmer.js">
        <metrics statements="2" coveredstatements="2" conditionals="0" coveredconditionals="0" methods="1" coveredmethods="1"/>
        <line num="1" count="2" type="stmt"/>
        <line num="2" count="5" type="stmt"/>
      </file>
      <file name="sum.js" path="E:\React\src\components\sum.js">
        <metrics statements="2" coveredstatements="2" conditionals="0" coveredconditionals="0" methods="1" coveredmethods="1"/>
        <line num="1" count="1" type="stmt"/>
        <line num="2" count="1" type="stmt"/>
      </file>
    </package>
    <package name="utils">
      <metrics statements="27" coveredstatements="23" conditionals="0" coveredconditionals="0" methods="10" coveredmethods="6"/>
      <file name="UserContext.js" path="E:\React\utils\UserContext.js">
        <metrics statements="1" coveredstatements="1" conditionals="0" coveredconditionals="0" methods="0" coveredmethods="0"/>
        <line num="3" count="3" type="stmt"/>
      </file>
      <file name="appStore.js" path="E:\React\utils\appStore.js">
        <metrics statements="1" coveredstatements="1" conditionals="0" coveredconditionals="0" methods="0" coveredmethods="0"/>
        <line num="4" count="2" type="stmt"/>
      </file>
      <file name="cartSlice.js" path="E:\React\utils\cartSlice.js">
        <metrics statements="5" coveredstatements="3" conditionals="0" coveredconditionals="0" methods="3" coveredmethods="1"/>
        <line num="3" count="2" type="stmt"/>
        <line num="10" count="2" type="stmt"/>
        <line num="13" count="0" type="stmt"/>
        <line num="16" count="0" type="stmt"/>
        <line num="21" count="2" type="stmt"/>
      </file>
      <file name="constants.js" path="E:\React\utils\constants.js">
        <metrics statements="2" coveredstatements="2" conditionals="0" coveredconditionals="0" methods="0" coveredmethods="0"/>
        <line num="2" count="4" type="stmt"/>
        <line num="4" count="4" type="stmt"/>
      </file>
      <file name="useOnlineStatus.js" path="E:\React\utils\useOnlineStatus.js">
        <metrics statements="8" coveredstatements="6" conditionals="0" coveredconditionals="0" methods="4" coveredmethods="2"/>
        <line num="4" count="1" type="stmt"/>
        <line num="5" count="11" type="stmt"/>
        <line num="7" count="11" type="stmt"/>
        <line num="8" count="4" type="stmt"/>
        <line num="9" count="0" type="stmt"/>
        <line num="12" count="4" type="stmt"/>
        <line num="13" count="0" type="stmt"/>
        <line num="16" count="11" type="stmt"/>
      </file>
      <file name="useRestaurantMenu.js" path="E:\React\utils\useRestaurantMenu.js">
        <metrics statements="10" coveredstatements="10" conditionals="0" coveredconditionals="0" methods="3" coveredmethods="3"/>
        <line num="4" count="1" type="stmt"/>
        <line num="5" count="4" type="stmt"/>
        <line num="7" count="4" type="stmt"/>
        <line num="8" count="1" type="stmt"/>
        <line num="11" count="4" type="stmt"/>
        <line num="12" count="1" type="stmt"/>
        <line num="13" count="1" type="stmt"/>
        <line num="14" count="1" type="stmt"/>
        <line num="15" count="1" type="stmt"/>
        <line num="17" count="4" type="stmt"/>
      </file>
    </package>
  </project>
</coverage>
