{"E:\\React\\src\\components\\Body.js": {"path":"E:\\React\\src\\components\\Body.js","statementMap":{"0":{"start":{"line":8,"column":13},"end":{"line":67,"column":1}},"1":{"start":{"line":10,"column":52},"end":{"line":10,"column":64}},"2":{"start":{"line":12,"column":44},"end":{"line":12,"column":56}},"3":{"start":{"line":14,"column":40},"end":{"line":14,"column":52}},"4":{"start":{"line":16,"column":4},"end":{"line":18,"column":11}},"5":{"start":{"line":17,"column":8},"end":{"line":17,"column":20}},"6":{"start":{"line":22,"column":22},"end":{"line":27,"column":5}},"7":{"start":{"line":23,"column":24},"end":{"line":23,"column":174}},"8":{"start":{"line":24,"column":22},"end":{"line":24,"column":42}},"9":{"start":{"line":25,"column":8},"end":{"line":25,"column":104}},"10":{"start":{"line":26,"column":8},"end":{"line":26,"column":99}},"11":{"start":{"line":29,"column":25},"end":{"line":29,"column":42}},"12":{"start":{"line":31,"column":4},"end":{"line":31,"column":116}},"13":{"start":{"line":31,"column":31},"end":{"line":31,"column":116}},"14":{"start":{"line":33,"column":40},"end":{"line":33,"column":63}},"15":{"start":{"line":35,"column":4},"end":{"line":66,"column":5}},"16":{"start":{"line":40,"column":24},"end":{"line":40,"column":54}},"17":{"start":{"line":43,"column":43},"end":{"line":43,"column":135}},"18":{"start":{"line":43,"column":72},"end":{"line":43,"column":134}},"19":{"start":{"line":44,"column":24},"end":{"line":44,"column":57}},"20":{"start":{"line":48,"column":41},"end":{"line":50,"column":21}},"21":{"start":{"line":49,"column":33},"end":{"line":49,"column":58}},"22":{"start":{"line":51,"column":20},"end":{"line":51,"column":55}},"23":{"start":{"line":55,"column":182},"end":{"line":55,"column":209}},"24":{"start":{"line":61,"column":24},"end":{"line":61,"column":146}}},"fnMap":{"0":{"name":"(anonymous_0)","decl":{"start":{"line":8,"column":13},"end":{"line":8,"column":14}},"loc":{"start":{"line":8,"column":19},"end":{"line":67,"column":1}},"line":8},"1":{"name":"(anonymous_1)","decl":{"start":{"line":16,"column":14},"end":{"line":16,"column":15}},"loc":{"start":{"line":16,"column":20},"end":{"line":18,"column":5}},"line":16},"2":{"name":"(anonymous_2)","decl":{"start":{"line":22,"column":22},"end":{"line":22,"column":23}},"loc":{"start":{"line":22,"column":34},"end":{"line":27,"column":5}},"line":22},"3":{"name":"(anonymous_3)","decl":{"start":{"line":39,"column":202},"end":{"line":39,"column":203}},"loc":{"start":{"line":39,"column":209},"end":{"line":41,"column":21}},"line":39},"4":{"name":"(anonymous_4)","decl":{"start":{"line":42,"column":82},"end":{"line":42,"column":83}},"loc":{"start":{"line":42,"column":88},"end":{"line":45,"column":21}},"line":42},"5":{"name":"(anonymous_5)","decl":{"start":{"line":43,"column":63},"end":{"line":43,"column":64}},"loc":{"start":{"line":43,"column":72},"end":{"line":43,"column":134}},"line":43},"6":{"name":"(anonymous_6)","decl":{"start":{"line":47,"column":78},"end":{"line":47,"column":79}},"loc":{"start":{"line":47,"column":84},"end":{"line":52,"column":17}},"line":47},"7":{"name":"(anonymous_7)","decl":{"start":{"line":49,"column":24},"end":{"line":49,"column":25}},"loc":{"start":{"line":49,"column":33},"end":{"line":49,"column":58}},"line":49},"8":{"name":"(anonymous_8)","decl":{"start":{"line":55,"column":175},"end":{"line":55,"column":176}},"loc":{"start":{"line":55,"column":182},"end":{"line":55,"column":209}},"line":55},"9":{"name":"(anonymous_9)","decl":{"start":{"line":60,"column":42},"end":{"line":60,"column":43}},"loc":{"start":{"line":61,"column":24},"end":{"line":61,"column":146}},"line":61}},"branchMap":{"0":{"loc":{"start":{"line":31,"column":4},"end":{"line":31,"column":116}},"type":"if","locations":[{"start":{"line":31,"column":4},"end":{"line":31,"column":116}},{"start":{},"end":{}}],"line":31},"1":{"loc":{"start":{"line":35,"column":11},"end":{"line":66,"column":5}},"type":"cond-expr","locations":[{"start":{"line":35,"column":44},"end":{"line":35,"column":55}},{"start":{"line":36,"column":8},"end":{"line":65,"column":14}}],"line":35}},"s":{"0":1,"1":11,"2":11,"3":11,"4":11,"5":4,"6":11,"7":4,"8":4,"9":4,"10":4,"11":11,"12":11,"13":0,"14":11,"15":11,"16":1,"17":1,"18":20,"19":1,"20":1,"21":20,"22":1,"23":0,"24":122},"f":{"0":11,"1":4,"2":4,"3":1,"4":1,"5":20,"6":1,"7":20,"8":0,"9":122},"b":{"0":[0,11],"1":[4,7]},"_coverageSchema":"1a1c01bbd47fc00a2c39e90264f33305004495a9","hash":"a69086ee6d2605f8b516f229898f3a3fb620e215"}
,"E:\\React\\src\\components\\CartInfo.js": {"path":"E:\\React\\src\\components\\CartInfo.js","statementMap":{"0":{"start":{"line":6,"column":17},"end":{"line":25,"column":1}},"1":{"start":{"line":8,"column":22},"end":{"line":8,"column":62}},"2":{"start":{"line":8,"column":45},"end":{"line":8,"column":61}},"3":{"start":{"line":10,"column":4},"end":{"line":10,"column":29}},"4":{"start":{"line":11,"column":29},"end":{"line":13,"column":6}},"5":{"start":{"line":12,"column":8},"end":{"line":12,"column":30}},"6":{"start":{"line":15,"column":4},"end":{"line":24,"column":5}}},"fnMap":{"0":{"name":"(anonymous_0)","decl":{"start":{"line":6,"column":17},"end":{"line":6,"column":18}},"loc":{"start":{"line":6,"column":23},"end":{"line":25,"column":1}},"line":6},"1":{"name":"(anonymous_1)","decl":{"start":{"line":8,"column":34},"end":{"line":8,"column":35}},"loc":{"start":{"line":8,"column":45},"end":{"line":8,"column":61}},"line":8},"2":{"name":"(anonymous_2)","decl":{"start":{"line":11,"column":29},"end":{"line":11,"column":30}},"loc":{"start":{"line":11,"column":35},"end":{"line":13,"column":6}},"line":11}},"branchMap":{"0":{"loc":{"start":{"line":19,"column":13},"end":{"line":19,"column":76}},"type":"binary-expr","locations":[{"start":{"line":19,"column":13},"end":{"line":19,"column":35}},{"start":{"line":19,"column":39},"end":{"line":19,"column":76}}],"line":19}},"s":{"0":1,"1":3,"2":6,"3":3,"4":3,"5":0,"6":3},"f":{"0":3,"1":6,"2":0},"b":{"0":[3,1]},"_coverageSchema":"1a1c01bbd47fc00a2c39e90264f33305004495a9","hash":"cad3fd06a5757825d79e9a03c7a43bfae8bbd10a"}
,"E:\\React\\src\\components\\CategoryList.js": {"path":"E:\\React\\src\\components\\CategoryList.js","statementMap":{"0":{"start":{"line":5,"column":21},"end":{"line":35,"column":1}},"1":{"start":{"line":7,"column":21},"end":{"line":7,"column":34}},"2":{"start":{"line":9,"column":26},"end":{"line":11,"column":5}},"3":{"start":{"line":10,"column":8},"end":{"line":10,"column":32}},"4":{"start":{"line":13,"column":4},"end":{"line":34,"column":5}},"5":{"start":{"line":17,"column":20},"end":{"line":30,"column":26}},"6":{"start":{"line":27,"column":55},"end":{"line":27,"column":74}}},"fnMap":{"0":{"name":"(anonymous_0)","decl":{"start":{"line":5,"column":21},"end":{"line":5,"column":22}},"loc":{"start":{"line":5,"column":40},"end":{"line":35,"column":1}},"line":5},"1":{"name":"(anonymous_1)","decl":{"start":{"line":9,"column":26},"end":{"line":9,"column":27}},"loc":{"start":{"line":9,"column":36},"end":{"line":11,"column":5}},"line":9},"2":{"name":"(anonymous_2)","decl":{"start":{"line":16,"column":30},"end":{"line":16,"column":31}},"loc":{"start":{"line":17,"column":20},"end":{"line":30,"column":26}},"line":17},"3":{"name":"(anonymous_3)","decl":{"start":{"line":27,"column":49},"end":{"line":27,"column":50}},"loc":{"start":{"line":27,"column":55},"end":{"line":27,"column":74}},"line":27}},"branchMap":{"0":{"loc":{"start":{"line":20,"column":33},"end":{"line":20,"column":96}},"type":"binary-expr","locations":[{"start":{"line":20,"column":33},"end":{"line":20,"column":59}},{"start":{"line":20,"column":63},"end":{"line":20,"column":96}}],"line":20}},"s":{"0":1,"1":4,"2":4,"3":2,"4":4,"5":18,"6":2},"f":{"0":4,"1":2,"2":18,"3":2},"b":{"0":[18,0]},"_coverageSchema":"1a1c01bbd47fc00a2c39e90264f33305004495a9","hash":"16bdce04d6484f701e73fe306f90fdbe42cc49e1"}
,"E:\\React\\src\\components\\Contact.js": {"path":"E:\\React\\src\\components\\Contact.js","statementMap":{"0":{"start":{"line":1,"column":16},"end":{"line":11,"column":1}},"1":{"start":{"line":2,"column":4},"end":{"line":10,"column":5}}},"fnMap":{"0":{"name":"(anonymous_0)","decl":{"start":{"line":1,"column":16},"end":{"line":1,"column":17}},"loc":{"start":{"line":1,"column":22},"end":{"line":11,"column":1}},"line":1}},"branchMap":{},"s":{"0":1,"1":3},"f":{"0":3},"b":{},"_coverageSchema":"1a1c01bbd47fc00a2c39e90264f33305004495a9","hash":"95a7f77dcfc5334bc23fb323b9119164199ecc3d"}
,"E:\\React\\src\\components\\Header.js": {"path":"E:\\React\\src\\components\\Header.js","statementMap":{"0":{"start":{"line":7,"column":15},"end":{"line":31,"column":1}},"1":{"start":{"line":9,"column":27},"end":{"line":9,"column":50}},"2":{"start":{"line":11,"column":22},"end":{"line":11,"column":62}},"3":{"start":{"line":11,"column":45},"end":{"line":11,"column":61}},"4":{"start":{"line":14,"column":4},"end":{"line":30,"column":5}}},"fnMap":{"0":{"name":"(anonymous_0)","decl":{"start":{"line":7,"column":15},"end":{"line":7,"column":16}},"loc":{"start":{"line":7,"column":21},"end":{"line":31,"column":1}},"line":7},"1":{"name":"(anonymous_1)","decl":{"start":{"line":11,"column":34},"end":{"line":11,"column":35}},"loc":{"start":{"line":11,"column":45},"end":{"line":11,"column":61}},"line":11}},"branchMap":{},"s":{"0":2,"1":4,"2":4,"3":8,"4":4},"f":{"0":4,"1":8},"b":{},"_coverageSchema":"1a1c01bbd47fc00a2c39e90264f33305004495a9","hash":"3e50a2f5e9f5c42f68b20ea3b986ba73f3716e51"}
,"E:\\React\\src\\components\\RestaurantCard.js": {"path":"E:\\React\\src\\components\\RestaurantCard.js","statementMap":{"0":{"start":{"line":3,"column":23},"end":{"line":21,"column":1}},"1":{"start":{"line":5,"column":24},"end":{"line":5,"column":29}},"2":{"start":{"line":8,"column":85},"end":{"line":8,"column":98}},"3":{"start":{"line":10,"column":4},"end":{"line":20,"column":6}}},"fnMap":{"0":{"name":"(anonymous_0)","decl":{"start":{"line":3,"column":23},"end":{"line":3,"column":24}},"loc":{"start":{"line":3,"column":34},"end":{"line":21,"column":1}},"line":3}},"branchMap":{},"s":{"0":2,"1":123,"2":123,"3":123},"f":{"0":123},"b":{},"_coverageSchema":"1a1c01bbd47fc00a2c39e90264f33305004495a9","hash":"1c78bc212fa3cc4cc28ea456914bc01592f00152"}
,"E:\\React\\src\\components\\RestaurantCategory.js": {"path":"E:\\React\\src\\components\\RestaurantCategory.js","statementMap":{"0":{"start":{"line":3,"column":27},"end":{"line":18,"column":1}},"1":{"start":{"line":5,"column":24},"end":{"line":7,"column":5}},"2":{"start":{"line":6,"column":8},"end":{"line":6,"column":23}},"3":{"start":{"line":9,"column":4},"end":{"line":17,"column":5}}},"fnMap":{"0":{"name":"(anonymous_0)","decl":{"start":{"line":3,"column":27},"end":{"line":3,"column":28}},"loc":{"start":{"line":3,"column":68},"end":{"line":18,"column":1}},"line":3},"1":{"name":"(anonymous_1)","decl":{"start":{"line":5,"column":24},"end":{"line":5,"column":25}},"loc":{"start":{"line":5,"column":30},"end":{"line":7,"column":5}},"line":5}},"branchMap":{"0":{"loc":{"start":{"line":15,"column":14},"end":{"line":15,"column":75}},"type":"binary-expr","locations":[{"start":{"line":15,"column":14},"end":{"line":15,"column":23}},{"start":{"line":15,"column":27},"end":{"line":15,"column":75}}],"line":15}},"s":{"0":1,"1":28,"2":3,"3":28},"f":{"0":28,"1":3},"b":{"0":[28,1]},"_coverageSchema":"1a1c01bbd47fc00a2c39e90264f33305004495a9","hash":"85af375f8831a84f52dabe7ab29ba0d14583bfa2"}
,"E:\\React\\src\\components\\RestaurantMenu.js": {"path":"E:\\React\\src\\components\\RestaurantMenu.js","statementMap":{"0":{"start":{"line":7,"column":23},"end":{"line":35,"column":1}},"1":{"start":{"line":9,"column":38},"end":{"line":9,"column":52}},"2":{"start":{"line":11,"column":20},"end":{"line":11,"column":31}},"3":{"start":{"line":13,"column":20},"end":{"line":13,"column":44}},"4":{"start":{"line":15,"column":4},"end":{"line":15,"column":44}},"5":{"start":{"line":15,"column":25},"end":{"line":15,"column":44}},"6":{"start":{"line":17,"column":48},"end":{"line":17,"column":83}},"7":{"start":{"line":18,"column":23},"end":{"line":18,"column":189}},"8":{"start":{"line":18,"column":98},"end":{"line":18,"column":188}},"9":{"start":{"line":20,"column":4},"end":{"line":34,"column":5}},"10":{"start":{"line":26,"column":21},"end":{"line":31,"column":18}},"11":{"start":{"line":30,"column":38},"end":{"line":30,"column":57}}},"fnMap":{"0":{"name":"(anonymous_0)","decl":{"start":{"line":7,"column":23},"end":{"line":7,"column":24}},"loc":{"start":{"line":7,"column":29},"end":{"line":35,"column":1}},"line":7},"1":{"name":"(anonymous_1)","decl":{"start":{"line":18,"column":91},"end":{"line":18,"column":92}},"loc":{"start":{"line":18,"column":98},"end":{"line":18,"column":188}},"line":18},"2":{"name":"(anonymous_2)","decl":{"start":{"line":25,"column":31},"end":{"line":25,"column":32}},"loc":{"start":{"line":26,"column":21},"end":{"line":31,"column":18}},"line":26},"3":{"name":"(anonymous_3)","decl":{"start":{"line":30,"column":32},"end":{"line":30,"column":33}},"loc":{"start":{"line":30,"column":38},"end":{"line":30,"column":57}},"line":30}},"branchMap":{"0":{"loc":{"start":{"line":15,"column":4},"end":{"line":15,"column":44}},"type":"if","locations":[{"start":{"line":15,"column":4},"end":{"line":15,"column":44}},{"start":{},"end":{}}],"line":15},"1":{"loc":{"start":{"line":29,"column":29},"end":{"line":29,"column":62}},"type":"cond-expr","locations":[{"start":{"line":29,"column":50},"end":{"line":29,"column":54}},{"start":{"line":29,"column":57},"end":{"line":29,"column":62}}],"line":29}},"s":{"0":1,"1":4,"2":4,"3":4,"4":4,"5":1,"6":3,"7":3,"8":54,"9":3,"10":42,"11":3},"f":{"0":4,"1":54,"2":42,"3":3},"b":{"0":[1,3],"1":[2,40]},"_coverageSchema":"1a1c01bbd47fc00a2c39e90264f33305004495a9","hash":"ba9c1a7b601f9e0a0e97f0d970324c48d54d20b7"}
,"E:\\React\\src\\components\\Shimmer.js": {"path":"E:\\React\\src\\components\\Shimmer.js","statementMap":{"0":{"start":{"line":1,"column":16},"end":{"line":18,"column":1}},"1":{"start":{"line":2,"column":4},"end":{"line":17,"column":6}}},"fnMap":{"0":{"name":"(anonymous_0)","decl":{"start":{"line":1,"column":16},"end":{"line":1,"column":17}},"loc":{"start":{"line":1,"column":22},"end":{"line":18,"column":1}},"line":1}},"branchMap":{},"s":{"0":2,"1":5},"f":{"0":5},"b":{},"_coverageSchema":"1a1c01bbd47fc00a2c39e90264f33305004495a9","hash":"881324ba8e0dcc7c768d76dca99a739b76cb042f"}
,"E:\\React\\src\\components\\sum.js": {"path":"E:\\React\\src\\components\\sum.js","statementMap":{"0":{"start":{"line":1,"column":19},"end":{"line":3,"column":1}},"1":{"start":{"line":2,"column":4},"end":{"line":2,"column":15}}},"fnMap":{"0":{"name":"(anonymous_0)","decl":{"start":{"line":1,"column":19},"end":{"line":1,"column":20}},"loc":{"start":{"line":1,"column":29},"end":{"line":3,"column":1}},"line":1}},"branchMap":{},"s":{"0":1,"1":1},"f":{"0":1},"b":{},"_coverageSchema":"1a1c01bbd47fc00a2c39e90264f33305004495a9","hash":"c389894c4b93e4d0cc85047d2e8b5723214a94d3"}
,"E:\\React\\utils\\UserContext.js": {"path":"E:\\React\\utils\\UserContext.js","statementMap":{"0":{"start":{"line":3,"column":20},"end":{"line":5,"column":2}}},"fnMap":{},"branchMap":{},"s":{"0":3},"f":{},"b":{},"_coverageSchema":"1a1c01bbd47fc00a2c39e90264f33305004495a9","hash":"bd92a0b5e92a517cddc215550dd69f6b2fdc4fca"}
,"E:\\React\\utils\\appStore.js": {"path":"E:\\React\\utils\\appStore.js","statementMap":{"0":{"start":{"line":4,"column":17},"end":{"line":8,"column":2}}},"fnMap":{},"branchMap":{},"s":{"0":2},"f":{},"b":{},"_coverageSchema":"1a1c01bbd47fc00a2c39e90264f33305004495a9","hash":"322873526ddde3424b69cfe9f5ffe59cc4ea5007"}
,"E:\\React\\utils\\cartSlice.js": {"path":"E:\\React\\utils\\cartSlice.js","statementMap":{"0":{"start":{"line":3,"column":18},"end":{"line":19,"column":2}},"1":{"start":{"line":10,"column":12},"end":{"line":10,"column":45}},"2":{"start":{"line":13,"column":12},"end":{"line":13,"column":30}},"3":{"start":{"line":16,"column":12},"end":{"line":16,"column":35}},"4":{"start":{"line":21,"column":48},"end":{"line":21,"column":65}}},"fnMap":{"0":{"name":"(anonymous_0)","decl":{"start":{"line":9,"column":18},"end":{"line":9,"column":19}},"loc":{"start":{"line":9,"column":37},"end":{"line":11,"column":9}},"line":9},"1":{"name":"(anonymous_1)","decl":{"start":{"line":12,"column":21},"end":{"line":12,"column":22}},"loc":{"start":{"line":12,"column":40},"end":{"line":14,"column":9}},"line":12},"2":{"name":"(anonymous_2)","decl":{"start":{"line":15,"column":20},"end":{"line":15,"column":21}},"loc":{"start":{"line":15,"column":31},"end":{"line":17,"column":9}},"line":15}},"branchMap":{},"s":{"0":2,"1":2,"2":0,"3":0,"4":2},"f":{"0":2,"1":0,"2":0},"b":{},"_coverageSchema":"1a1c01bbd47fc00a2c39e90264f33305004495a9","hash":"cff04786046b1aec198bdcefaa994a513f6b85ee"}
,"E:\\React\\utils\\constants.js": {"path":"E:\\React\\utils\\constants.js","statementMap":{"0":{"start":{"line":2,"column":23},"end":{"line":2,"column":106}},"1":{"start":{"line":4,"column":20},"end":{"line":4,"column":92}}},"fnMap":{},"branchMap":{},"s":{"0":4,"1":4},"f":{},"b":{},"_coverageSchema":"1a1c01bbd47fc00a2c39e90264f33305004495a9","hash":"0eae72b5589d53694d22814010be085334bf5161"}
,"E:\\React\\utils\\useOnlineStatus.js": {"path":"E:\\React\\utils\\useOnlineStatus.js","statementMap":{"0":{"start":{"line":4,"column":24},"end":{"line":17,"column":2}},"1":{"start":{"line":5,"column":44},"end":{"line":5,"column":58}},"2":{"start":{"line":7,"column":4},"end":{"line":15,"column":10}},"3":{"start":{"line":8,"column":8},"end":{"line":10,"column":11}},"4":{"start":{"line":9,"column":12},"end":{"line":9,"column":34}},"5":{"start":{"line":12,"column":8},"end":{"line":14,"column":11}},"6":{"start":{"line":13,"column":12},"end":{"line":13,"column":33}},"7":{"start":{"line":16,"column":4},"end":{"line":16,"column":24}}},"fnMap":{"0":{"name":"(anonymous_0)","decl":{"start":{"line":4,"column":24},"end":{"line":4,"column":25}},"loc":{"start":{"line":4,"column":30},"end":{"line":17,"column":2}},"line":4},"1":{"name":"(anonymous_1)","decl":{"start":{"line":7,"column":14},"end":{"line":7,"column":15}},"loc":{"start":{"line":7,"column":20},"end":{"line":15,"column":5}},"line":7},"2":{"name":"(anonymous_2)","decl":{"start":{"line":8,"column":43},"end":{"line":8,"column":44}},"loc":{"start":{"line":8,"column":49},"end":{"line":10,"column":9}},"line":8},"3":{"name":"(anonymous_3)","decl":{"start":{"line":12,"column":42},"end":{"line":12,"column":43}},"loc":{"start":{"line":12,"column":48},"end":{"line":14,"column":9}},"line":12}},"branchMap":{},"s":{"0":1,"1":11,"2":11,"3":4,"4":0,"5":4,"6":0,"7":11},"f":{"0":11,"1":4,"2":0,"3":0},"b":{},"_coverageSchema":"1a1c01bbd47fc00a2c39e90264f33305004495a9","hash":"52278d08830cab61f512a948eab18e76b4bf439d"}
,"E:\\React\\utils\\useRestaurantMenu.js": {"path":"E:\\React\\utils\\useRestaurantMenu.js","statementMap":{"0":{"start":{"line":4,"column":26},"end":{"line":18,"column":1}},"1":{"start":{"line":5,"column":34},"end":{"line":5,"column":48}},"2":{"start":{"line":7,"column":4},"end":{"line":9,"column":11}},"3":{"start":{"line":8,"column":8},"end":{"line":8,"column":20}},"4":{"start":{"line":11,"column":22},"end":{"line":16,"column":5}},"5":{"start":{"line":12,"column":25},"end":{"line":12,"column":211}},"6":{"start":{"line":13,"column":21},"end":{"line":13,"column":42}},"7":{"start":{"line":14,"column":8},"end":{"line":14,"column":26}},"8":{"start":{"line":15,"column":8},"end":{"line":15,"column":30}},"9":{"start":{"line":17,"column":4},"end":{"line":17,"column":19}}},"fnMap":{"0":{"name":"(anonymous_0)","decl":{"start":{"line":4,"column":26},"end":{"line":4,"column":27}},"loc":{"start":{"line":4,"column":37},"end":{"line":18,"column":1}},"line":4},"1":{"name":"(anonymous_1)","decl":{"start":{"line":7,"column":14},"end":{"line":7,"column":15}},"loc":{"start":{"line":7,"column":20},"end":{"line":9,"column":5}},"line":7},"2":{"name":"(anonymous_2)","decl":{"start":{"line":11,"column":22},"end":{"line":11,"column":23}},"loc":{"start":{"line":11,"column":34},"end":{"line":16,"column":5}},"line":11}},"branchMap":{},"s":{"0":1,"1":4,"2":4,"3":1,"4":4,"5":1,"6":1,"7":1,"8":1,"9":4},"f":{"0":4,"1":1,"2":1},"b":{},"_coverageSchema":"1a1c01bbd47fc00a2c39e90264f33305004495a9","hash":"946196cd38c5c36bb1e30c1d2af88a1dc49a12fd"}
}
