TN:
SF:src\components\Body.js
FN:8,(anonymous_0)
FN:16,(anonymous_1)
FN:22,(anonymous_2)
FN:39,(anonymous_3)
FN:42,(anonymous_4)
FN:43,(anonymous_5)
FN:47,(anonymous_6)
FN:49,(anonymous_7)
FN:55,(anonymous_8)
FN:60,(anonymous_9)
FNF:10
FNH:9
FNDA:11,(anonymous_0)
FNDA:4,(anonymous_1)
FNDA:4,(anonymous_2)
FNDA:1,(anonymous_3)
FNDA:1,(anonymous_4)
FNDA:20,(anonymous_5)
FNDA:1,(anonymous_6)
FNDA:20,(anonymous_7)
FNDA:0,(anonymous_8)
FNDA:122,(anonymous_9)
DA:8,1
DA:10,11
DA:12,11
DA:14,11
DA:16,11
DA:17,4
DA:22,11
DA:23,4
DA:24,4
DA:25,4
DA:26,4
DA:29,11
DA:31,11
DA:33,11
DA:35,11
DA:40,1
DA:43,20
DA:44,1
DA:48,1
DA:49,20
DA:51,1
DA:55,0
DA:61,122
LF:23
LH:22
BRDA:31,0,0,0
BRDA:31,0,1,11
BRDA:35,1,0,4
BRDA:35,1,1,7
BRF:4
BRH:3
end_of_record
TN:
SF:src\components\CartInfo.js
FN:6,(anonymous_0)
FN:8,(anonymous_1)
FN:11,(anonymous_2)
FNF:3
FNH:2
FNDA:3,(anonymous_0)
FNDA:6,(anonymous_1)
FNDA:0,(anonymous_2)
DA:6,1
DA:8,6
DA:10,3
DA:11,3
DA:12,0
DA:15,3
LF:6
LH:5
BRDA:19,0,0,3
BRDA:19,0,1,1
BRF:2
BRH:2
end_of_record
TN:
SF:src\components\CategoryList.js
FN:5,(anonymous_0)
FN:9,(anonymous_1)
FN:16,(anonymous_2)
FN:27,(anonymous_3)
FNF:4
FNH:4
FNDA:4,(anonymous_0)
FNDA:2,(anonymous_1)
FNDA:18,(anonymous_2)
FNDA:2,(anonymous_3)
DA:5,1
DA:7,4
DA:9,4
DA:10,2
DA:13,4
DA:17,18
DA:27,2
LF:7
LH:7
BRDA:20,0,0,18
BRDA:20,0,1,0
BRF:2
BRH:1
end_of_record
TN:
SF:src\components\Contact.js
FN:1,(anonymous_0)
FNF:1
FNH:1
FNDA:3,(anonymous_0)
DA:1,1
DA:2,3
LF:2
LH:2
BRF:0
BRH:0
end_of_record
TN:
SF:src\components\Header.js
FN:7,(anonymous_0)
FN:11,(anonymous_1)
FNF:2
FNH:2
FNDA:4,(anonymous_0)
FNDA:8,(anonymous_1)
DA:7,2
DA:9,4
DA:11,8
DA:14,4
LF:4
LH:4
BRF:0
BRH:0
end_of_record
TN:
SF:src\components\RestaurantCard.js
FN:3,(anonymous_0)
FNF:1
FNH:1
FNDA:123,(anonymous_0)
DA:3,2
DA:5,123
DA:8,123
DA:10,123
LF:4
LH:4
BRF:0
BRH:0
end_of_record
TN:
SF:src\components\RestaurantCategory.js
FN:3,(anonymous_0)
FN:5,(anonymous_1)
FNF:2
FNH:2
FNDA:28,(anonymous_0)
FNDA:3,(anonymous_1)
DA:3,1
DA:5,28
DA:6,3
DA:9,28
LF:4
LH:4
BRDA:15,0,0,28
BRDA:15,0,1,1
BRF:2
BRH:2
end_of_record
TN:
SF:src\components\RestaurantMenu.js
FN:7,(anonymous_0)
FN:18,(anonymous_1)
FN:25,(anonymous_2)
FN:30,(anonymous_3)
FNF:4
FNH:4
FNDA:4,(anonymous_0)
FNDA:54,(anonymous_1)
FNDA:42,(anonymous_2)
FNDA:3,(anonymous_3)
DA:7,1
DA:9,4
DA:11,4
DA:13,4
DA:15,4
DA:17,3
DA:18,54
DA:20,3
DA:26,42
DA:30,3
LF:10
LH:10
BRDA:15,0,0,1
BRDA:15,0,1,3
BRDA:29,1,0,2
BRDA:29,1,1,40
BRF:4
BRH:4
end_of_record
TN:
SF:src\components\Shimmer.js
FN:1,(anonymous_0)
FNF:1
FNH:1
FNDA:5,(anonymous_0)
DA:1,2
DA:2,5
LF:2
LH:2
BRF:0
BRH:0
end_of_record
TN:
SF:src\components\sum.js
FN:1,(anonymous_0)
FNF:1
FNH:1
FNDA:1,(anonymous_0)
DA:1,1
DA:2,1
LF:2
LH:2
BRF:0
BRH:0
end_of_record
TN:
SF:utils\UserContext.js
FNF:0
FNH:0
DA:3,3
LF:1
LH:1
BRF:0
BRH:0
end_of_record
TN:
SF:utils\appStore.js
FNF:0
FNH:0
DA:4,2
LF:1
LH:1
BRF:0
BRH:0
end_of_record
TN:
SF:utils\cartSlice.js
FN:9,(anonymous_0)
FN:12,(anonymous_1)
FN:15,(anonymous_2)
FNF:3
FNH:1
FNDA:2,(anonymous_0)
FNDA:0,(anonymous_1)
FNDA:0,(anonymous_2)
DA:3,2
DA:10,2
DA:13,0
DA:16,0
DA:21,2
LF:5
LH:3
BRF:0
BRH:0
end_of_record
TN:
SF:utils\constants.js
FNF:0
FNH:0
DA:2,4
DA:4,4
LF:2
LH:2
BRF:0
BRH:0
end_of_record
TN:
SF:utils\useOnlineStatus.js
FN:4,(anonymous_0)
FN:7,(anonymous_1)
FN:8,(anonymous_2)
FN:12,(anonymous_3)
FNF:4
FNH:2
FNDA:11,(anonymous_0)
FNDA:4,(anonymous_1)
FNDA:0,(anonymous_2)
FNDA:0,(anonymous_3)
DA:4,1
DA:5,11
DA:7,11
DA:8,4
DA:9,0
DA:12,4
DA:13,0
DA:16,11
LF:8
LH:6
BRF:0
BRH:0
end_of_record
TN:
SF:utils\useRestaurantMenu.js
FN:4,(anonymous_0)
FN:7,(anonymous_1)
FN:11,(anonymous_2)
FNF:3
FNH:3
FNDA:4,(anonymous_0)
FNDA:1,(anonymous_1)
FNDA:1,(anonymous_2)
DA:4,1
DA:5,4
DA:7,4
DA:8,1
DA:11,4
DA:12,1
DA:13,1
DA:14,1
DA:15,1
DA:17,4
LF:10
LH:10
BRF:0
BRH:0
end_of_record
